<?xml version="1.0" encoding="UTF-8"?>
<testng-results total="6" passed="6" failed="0" skipped="0">
  <reporter-output>
  </reporter-output>
  <suite started-at="2020-10-18T17:17:03Z" name="Suite" finished-at="2020-10-18T17:17:49Z" duration-ms="46617">
    <groups>
    </groups>
    <test started-at="2020-10-18T17:17:03Z" name="Test" finished-at="2020-10-18T17:17:49Z" duration-ms="46617">
      <class name="TheZebra.UserFlow">
        <test-method is-config="true" signature="initialize()[pri:0, instance:TheZebra.UserFlow@11d8ae8b]" started-at="2020-10-18T12:17:03Z" name="initialize" finished-at="2020-10-18T12:17:09Z" duration-ms="6444" status="PASS">
          <reporter-output>
          </reporter-output>
        </test-method> <!-- initialize -->
        <test-method is-config="true" signature="initialize()[pri:0, instance:TheZebra.Verifications@7b7fdc8]" started-at="2020-10-18T12:17:09Z" name="initialize" finished-at="2020-10-18T12:17:14Z" duration-ms="5226" status="PASS">
          <reporter-output>
          </reporter-output>
        </test-method> <!-- initialize -->
        <test-method signature="landingPage()[pri:0, instance:TheZebra.UserFlow@11d8ae8b]" started-at="2020-10-18T12:17:14Z" name="landingPage" finished-at="2020-10-18T12:17:16Z" duration-ms="1173" status="PASS">
          <reporter-output>
          </reporter-output>
        </test-method> <!-- landingPage -->
        <test-method signature="startPage(pageObjects.XpathLocators)[pri:0, instance:TheZebra.UserFlow@11d8ae8b]" started-at="2020-10-18T12:17:18Z" name="startPage" data-provider="questionsPage" finished-at="2020-10-18T12:17:25Z" depends-on-methods="TheZebra.UserFlow.landingPage" duration-ms="7041" status="PASS">
          <params>
            <param index="0">
              <value>
                <![CDATA[pageObjects.prefillDriver@1144a55a]]>
              </value>
            </param>
          </params>
          <reporter-output>
          </reporter-output>
        </test-method> <!-- startPage -->
        <test-method signature="vehiclesPage(pageObjects.XpathLocators)[pri:0, instance:TheZebra.UserFlow@11d8ae8b]" started-at="2020-10-18T12:17:25Z" name="vehiclesPage" data-provider="questionsPage" finished-at="2020-10-18T12:17:36Z" depends-on-methods="TheZebra.UserFlow.startPage, TheZebra.UserFlow.landingPage" duration-ms="10351" status="PASS">
          <params>
            <param index="0">
              <value>
                <![CDATA[pageObjects.prefillDriver@273842a6]]>
              </value>
            </param>
          </params>
          <reporter-output>
          </reporter-output>
        </test-method> <!-- vehiclesPage -->
        <test-method signature="driversPage(pageObjects.XpathLocators)[pri:0, instance:TheZebra.UserFlow@11d8ae8b]" started-at="2020-10-18T12:17:36Z" name="driversPage" data-provider="questionsPage" finished-at="2020-10-18T12:17:49Z" depends-on-methods="TheZebra.UserFlow.startPage, TheZebra.UserFlow.landingPage, TheZebra.UserFlow.vehiclesPage" duration-ms="13296" status="PASS">
          <params>
            <param index="0">
              <value>
                <![CDATA[pageObjects.prefillDriver@6c298dc]]>
              </value>
            </param>
          </params>
          <reporter-output>
          </reporter-output>
        </test-method> <!-- driversPage -->
        <test-method is-config="true" signature="teardown()[pri:0, instance:TheZebra.UserFlow@11d8ae8b]" started-at="2020-10-18T12:17:49Z" name="teardown" finished-at="2020-10-18T12:17:49Z" duration-ms="78" status="PASS">
          <reporter-output>
          </reporter-output>
        </test-method> <!-- teardown -->
        <test-method is-config="true" signature="teardown()[pri:0, instance:TheZebra.Verifications@7b7fdc8]" started-at="2020-10-18T12:17:49Z" name="teardown" finished-at="2020-10-18T12:17:49Z" duration-ms="139" status="PASS">
          <reporter-output>
          </reporter-output>
        </test-method> <!-- teardown -->
      </class> <!-- TheZebra.UserFlow -->
      <class name="TheZebra.Verifications">
        <test-method signature="homePageNavigation(java.lang.String)[pri:0, instance:TheZebra.Verifications@7b7fdc8]" started-at="2020-10-18T12:17:16Z" name="homePageNavigation" data-provider="getData" finished-at="2020-10-18T12:17:18Z" duration-ms="2414" status="PASS">
          <params>
            <param index="0">
              <value>
                <![CDATA[78704]]>
              </value>
            </param>
          </params>
          <reporter-output>
          </reporter-output>
        </test-method> <!-- homePageNavigation -->
        <test-method signature="homePageNavigation(java.lang.String)[pri:0, instance:TheZebra.Verifications@7b7fdc8]" started-at="2020-10-18T12:17:18Z" name="homePageNavigation" data-provider="getData" finished-at="2020-10-18T12:17:18Z" duration-ms="300" status="PASS">
          <params>
            <param index="0">
              <value>
                <![CDATA[78748]]>
              </value>
            </param>
          </params>
          <reporter-output>
          </reporter-output>
        </test-method> <!-- homePageNavigation -->
      </class> <!-- TheZebra.Verifications -->
    </test> <!-- Test -->
  </suite> <!-- Suite -->
</testng-results>
