<?xml version="1.0" encoding="UTF-8"?>
<!-- Generated by org.testng.reporters.JUnitXMLReporter -->
<testsuite hostname="DESKTOP-UT07LV4" failures="0" tests="4" name="Default test" time="40.521" errors="0" timestamp="18 Oct 2020 16:57:51 GMT">
  <testcase classname="TheZebra.UserFlow" name="landingPage" time="1.191"/>
  <testcase classname="TheZebra.UserFlow" name="startPage" time="6.974"/>
  <testcase classname="TheZebra.UserFlow" name="vehiclesPage" time="10.66"/>
  <testcase classname="TheZebra.UserFlow" name="driversPage" time="12.961"/>
</testsuite> <!-- Default test -->
