<?xml version="1.0" encoding="UTF-8"?>
<!-- Generated by org.testng.reporters.JUnitXMLReporter -->
<testsuite hostname="DESKTOP-UT07LV4" failures="0" tests="6" name="Test" time="46.617" errors="0" timestamp="18 Oct 2020 17:17:49 GMT">
  <testcase classname="TheZebra.UserFlow" name="landingPage" time="1.173"/>
  <testcase classname="TheZebra.Verifications" name="homePageNavigation" time="2.414"/>
  <testcase classname="TheZebra.Verifications" name="homePageNavigation" time="0.3"/>
  <testcase classname="TheZebra.UserFlow" name="startPage" time="7.041"/>
  <testcase classname="TheZebra.UserFlow" name="vehiclesPage" time="10.351"/>
  <testcase classname="TheZebra.UserFlow" name="driversPage" time="13.296"/>
</testsuite> <!-- Test -->
